2013-05-13 15:39:42,046 - Velocimacro : added #oneToManyAnnotation(  property ) : source = templates/class.vm
2013-05-13 15:39:42,052 - Velocimacro : added #manyToOneAnnotation(  property ) : source = templates/class.vm
2013-05-13 15:39:42,055 - Velocimacro : added #OneToOneAnnotation(  property ) : source = templates/class.vm
2013-05-13 15:39:42,057 - Velocimacro : added #doConstructorSignature(  ) : source = templates/class.vm
2013-05-13 15:39:42,063 - Velocimacro : added #doClassMacros(  ) : source = templates/class.vm
2013-05-13 15:39:42,138 - ResourceManager : found templates/class.vm with loader org.apache.velocity.runtime.resource.loader.ClasspathResourceLoader
2013-05-13 15:39:42,139 - Velocimacro : VM addition rejected : prefix : inline not allowed to replace existing VM
2013-05-13 15:39:42,139 - Failed to add macro: #prefix(  ) : source = templates/classIface.vm
2013-05-13 15:39:42,147 - ResourceManager : found templates/classIface.vm with loader org.apache.velocity.runtime.resource.loader.ClasspathResourceLoader
2013-05-13 15:39:42,569 - ResourceManager : found templates/dao.vm with loader org.apache.velocity.runtime.resource.loader.ClasspathResourceLoader
2013-05-13 15:39:42,572 - ResourceManager : found templates/daoInterface.vm with loader org.apache.velocity.runtime.resource.loader.ClasspathResourceLoader
2013-05-13 15:39:42,601 - ResourceManager : found templates/dao.vm with loader org.apache.velocity.runtime.resource.loader.ClasspathResourceLoader
2013-05-13 15:39:42,602 - ResourceManager : found templates/daoInterface.vm with loader org.apache.velocity.runtime.resource.loader.ClasspathResourceLoader
2013-05-13 15:39:42,609 - ResourceManager : found templates/dao.vm with loader org.apache.velocity.runtime.resource.loader.ClasspathResourceLoader
2013-05-13 15:39:42,611 - ResourceManager : found templates/daoInterface.vm with loader org.apache.velocity.runtime.resource.loader.ClasspathResourceLoader
2013-05-13 15:39:42,618 - ResourceManager : found templates/dao.vm with loader org.apache.velocity.runtime.resource.loader.ClasspathResourceLoader
2013-05-13 15:39:42,619 - ResourceManager : found templates/daoInterface.vm with loader org.apache.velocity.runtime.resource.loader.ClasspathResourceLoader
2013-05-13 15:39:42,625 - ResourceManager : found templates/dao.vm with loader org.apache.velocity.runtime.resource.loader.ClasspathResourceLoader
2013-05-13 15:39:42,626 - ResourceManager : found templates/daoInterface.vm with loader org.apache.velocity.runtime.resource.loader.ClasspathResourceLoader
2013-05-13 15:39:42,630 - ResourceManager : found templates/dao.vm with loader org.apache.velocity.runtime.resource.loader.ClasspathResourceLoader
2013-05-13 15:39:42,631 - ResourceManager : found templates/daoInterface.vm with loader org.apache.velocity.runtime.resource.loader.ClasspathResourceLoader
2013-05-13 15:39:42,634 - Velocimacro : added #state(  ) : source = templates/enum.vm
2013-05-13 15:39:42,639 - ResourceManager : found templates/enum.vm with loader org.apache.velocity.runtime.resource.loader.ClasspathResourceLoader
2013-05-13 15:39:42,643 - ResourceManager : found templates/enumClass.vm with loader org.apache.velocity.runtime.resource.loader.ClasspathResourceLoader
2013-05-13 15:39:42,646 - ResourceManager : found templates/daoFactory.vm with loader org.apache.velocity.runtime.resource.loader.ClasspathResourceLoader
2013-05-13 15:39:42,657 - ResourceManager : found templates/daoFactory.vm with loader org.apache.velocity.runtime.resource.loader.ClasspathResourceLoader
2013-05-13 15:39:42,660 - ResourceManager : found templates/daoFactory.vm with loader org.apache.velocity.runtime.resource.loader.ClasspathResourceLoader
2013-05-13 15:39:42,669 - ResourceManager : found templates/applicationContext.vm with loader org.apache.velocity.runtime.resource.loader.ClasspathResourceLoader
2013-05-13 15:39:42,673 - ResourceManager : found templates/hbnPojoGenBuild.vm with loader org.apache.velocity.runtime.resource.loader.ClasspathResourceLoader
2013-05-13 15:39:42,674 - ResourceManager : found templates/ehcache.vm with loader org.apache.velocity.runtime.resource.loader.ClasspathResourceLoader
2013-05-13 15:39:42,676 - Velocimacro : added #doprefix(  ) : source = templates/daotest.vm
2013-05-13 15:39:42,676 - Velocimacro : added #doSuffix(  ) : source = templates/daotest.vm
2013-05-13 15:39:42,677 - Velocimacro : added #custom(  title ) : source = templates/daotest.vm
2013-05-13 15:39:42,678 - Velocimacro : added #customPost(  title ) : source = templates/daotest.vm
2013-05-13 15:39:42,681 - Velocimacro : added #cleanup(  title firstPass ) : source = templates/daotest.vm
2013-05-13 15:39:42,704 - ResourceManager : found templates/daotest.vm with loader org.apache.velocity.runtime.resource.loader.ClasspathResourceLoader
2013-05-13 15:39:42,735 - ResourceManager : found templates/dataPoolFactory.vm with loader org.apache.velocity.runtime.resource.loader.ClasspathResourceLoader
2013-05-13 15:39:42,741 - Velocimacro : added #classname(  ) : source = templates/datalayer.vm
2013-05-13 15:39:42,741 - Velocimacro : added #cn(  ) : source = templates/datalayer.vm
2013-05-13 15:39:42,753 - ResourceManager : found templates/datalayer.vm with loader org.apache.velocity.runtime.resource.loader.ClasspathResourceLoader
2013-05-13 15:39:42,754 - Null reference [template 'templates/datalayer.vm', line 115, column 27] : $class.className cannot be resolved.
2013-05-13 15:39:42,754 - Null reference [template 'templates/datalayer.vm', line 135, column 35] : $class.className cannot be resolved.
2013-05-13 15:39:42,758 - Null reference [template 'templates/datalayer.vm', line 115, column 27] : $class.className cannot be resolved.
2013-05-13 15:39:42,758 - Null reference [template 'templates/datalayer.vm', line 135, column 35] : $class.className cannot be resolved.
2013-05-13 15:39:42,775 - ResourceManager : found templates/pom.vm with loader org.apache.velocity.runtime.resource.loader.ClasspathResourceLoader
2013-05-13 15:39:42,776 - Null reference [template 'templates/pom.vm', line 344, column 31] : ${skipUnitTests} cannot be resolved.
2013-05-13 15:39:42,776 - Null reference [template 'templates/pom.vm', line 357, column 39] : ${skipIntegrationTests} cannot be resolved.
2013-05-15 18:12:47,260 - Log4JLogChute initialized using file 'velocity.log'
2013-05-15 18:12:47,261 - Starting Apache Velocity v1.5 (compiled: 2007-02-22 08:52:29)
2013-05-15 18:12:47,261 - Default Properties File: org/apache/velocity/runtime/defaults/velocity.properties
2013-05-15 18:12:47,262 - Trying to use logger class org.apache.velocity.runtime.log.AvalonLogChute
2013-05-15 18:12:47,262 - Couldn't find class org.apache.velocity.runtime.log.AvalonLogChute or necessary supporting classes in classpath.
java.lang.NoClassDefFoundError: org/apache/log/format/Formatter
	at java.lang.Class.forName0(Native Method)
	at java.lang.Class.forName(Class.java:264)
	at org.apache.velocity.util.ClassUtils.getClass(ClassUtils.java:63)
	at org.apache.velocity.util.ClassUtils.getNewInstance(ClassUtils.java:95)
	at org.apache.velocity.runtime.log.LogManager.createLogChute(LogManager.java:147)
	at org.apache.velocity.runtime.log.LogManager.updateLog(LogManager.java:208)
	at org.apache.velocity.runtime.RuntimeInstance.initializeLog(RuntimeInstance.java:728)
	at org.apache.velocity.runtime.RuntimeInstance.init(RuntimeInstance.java:240)
	at org.apache.velocity.runtime.RuntimeInstance.init(RuntimeInstance.java:534)
	at org.apache.velocity.runtime.RuntimeSingleton.init(RuntimeSingleton.java:227)
	at org.apache.velocity.app.Velocity.init(Velocity.java:111)
	at com.felees.hbnpojogen.Config.parseConfig(Config.java:71)
	at com.felees.hbnpojogen.HbnPojoGen.run(HbnPojoGen.java:420)
	at com.felees.hbnpojogen.HbnPojoGen.main(HbnPojoGen.java:473)
Caused by: java.lang.ClassNotFoundException: org.apache.log.format.Formatter
	at java.net.URLClassLoader$1.run(URLClassLoader.java:366)
	at java.net.URLClassLoader$1.run(URLClassLoader.java:355)
	at java.security.AccessController.doPrivileged(Native Method)
	at java.net.URLClassLoader.findClass(URLClassLoader.java:354)
	at java.lang.ClassLoader.loadClass(ClassLoader.java:423)
	at sun.misc.Launcher$AppClassLoader.loadClass(Launcher.java:308)
	at java.lang.ClassLoader.loadClass(ClassLoader.java:356)
	... 14 more
2013-05-15 18:12:47,265 - Trying to use logger class org.apache.velocity.runtime.log.Log4JLogChute
2013-05-15 18:12:47,265 - Using logger class org.apache.velocity.runtime.log.Log4JLogChute
2013-05-15 18:12:47,268 - Default ResourceManager initializing. (class org.apache.velocity.runtime.resource.ResourceManagerImpl)
2013-05-15 18:12:47,271 - ResourceLoader instantiated: org.apache.velocity.runtime.resource.loader.ClasspathResourceLoader
2013-05-15 18:12:47,274 - ResourceCache: initialized (class org.apache.velocity.runtime.resource.ResourceCacheImpl)
2013-05-15 18:12:47,276 - Loaded System Directive: org.apache.velocity.runtime.directive.Literal
2013-05-15 18:12:47,277 - Loaded System Directive: org.apache.velocity.runtime.directive.Macro
2013-05-15 18:12:47,279 - Loaded System Directive: org.apache.velocity.runtime.directive.Parse
2013-05-15 18:12:47,280 - Loaded System Directive: org.apache.velocity.runtime.directive.Include
2013-05-15 18:12:47,280 - Loaded System Directive: org.apache.velocity.runtime.directive.Foreach
2013-05-15 18:12:47,313 - Created '20' parsers.
2013-05-15 18:12:47,322 - Velocimacro : "velocimacro.library" is not set.  Trying default library: VM_global_library.vm
2013-05-15 18:12:47,322 - Velocimacro : Default library not found.
2013-05-15 18:12:47,322 - Velocimacro : allowInline = true : VMs can be defined inline in templates
2013-05-15 18:12:47,322 - Velocimacro : allowInlineToOverride = false : VMs defined inline may NOT replace previous VM definitions
2013-05-15 18:12:47,322 - Velocimacro : allowInlineLocal = false : VMs defined inline will be global in scope if allowed.
2013-05-15 18:12:47,323 - Velocimacro : autoload off : VM system will not automatically reload global library macros
2013-05-15 18:12:47,339 - Velocimacro : added #doCalcFullType(  ) : source = templates/class.vm
2013-05-15 18:12:47,342 - Velocimacro : added #lazyManyToMany(  ) : source = templates/class.vm
2013-05-15 18:12:47,342 - Velocimacro : added #lazyOneToMany(  ) : source = templates/class.vm
2013-05-15 18:12:47,342 - Velocimacro : added #lazyOneToOne(  ) : source = templates/class.vm
2013-05-15 18:12:47,343 - Velocimacro : added #lazyManyToOne(  ) : source = templates/class.vm
2013-05-15 18:12:47,353 - Velocimacro : added #doAnnotations(  ) : source = templates/class.vm
2013-05-15 18:12:47,354 - Velocimacro : added #prefix(  ) : source = templates/class.vm
2013-05-15 18:12:47,355 - Velocimacro : added #doClassType(  ) : source = templates/class.vm
2013-05-15 18:12:47,357 - Velocimacro : added #doManyToMany(  property ) : source = templates/class.vm
2013-05-15 18:12:47,358 - Velocimacro : added #oneToManyAnnotation(  property ) : source = templates/class.vm
2013-05-15 18:12:47,364 - Velocimacro : added #manyToOneAnnotation(  property ) : source = templates/class.vm
2013-05-15 18:12:47,367 - Velocimacro : added #OneToOneAnnotation(  property ) : source = templates/class.vm
2013-05-15 18:12:47,370 - Velocimacro : added #doConstructorSignature(  ) : source = templates/class.vm
2013-05-15 18:12:47,377 - Velocimacro : added #doClassMacros(  ) : source = templates/class.vm
2013-05-15 18:12:47,458 - ResourceManager : found templates/class.vm with loader org.apache.velocity.runtime.resource.loader.ClasspathResourceLoader
2013-05-15 18:12:47,460 - Velocimacro : VM addition rejected : prefix : inline not allowed to replace existing VM
2013-05-15 18:12:47,460 - Failed to add macro: #prefix(  ) : source = templates/classIface.vm
2013-05-15 18:12:47,470 - ResourceManager : found templates/classIface.vm with loader org.apache.velocity.runtime.resource.loader.ClasspathResourceLoader
2013-05-15 18:12:48,062 - ResourceManager : found templates/dao.vm with loader org.apache.velocity.runtime.resource.loader.ClasspathResourceLoader
2013-05-15 18:12:48,066 - ResourceManager : found templates/daoInterface.vm with loader org.apache.velocity.runtime.resource.loader.ClasspathResourceLoader
2013-05-15 18:12:48,098 - ResourceManager : found templates/dao.vm with loader org.apache.velocity.runtime.resource.loader.ClasspathResourceLoader
2013-05-15 18:12:48,100 - ResourceManager : found templates/daoInterface.vm with loader org.apache.velocity.runtime.resource.loader.ClasspathResourceLoader
2013-05-15 18:12:48,110 - ResourceManager : found templates/dao.vm with loader org.apache.velocity.runtime.resource.loader.ClasspathResourceLoader
2013-05-15 18:12:48,112 - ResourceManager : found templates/daoInterface.vm with loader org.apache.velocity.runtime.resource.loader.ClasspathResourceLoader
2013-05-15 18:12:48,119 - ResourceManager : found templates/dao.vm with loader org.apache.velocity.runtime.resource.loader.ClasspathResourceLoader
2013-05-15 18:12:48,120 - ResourceManager : found templates/daoInterface.vm with loader org.apache.velocity.runtime.resource.loader.ClasspathResourceLoader
2013-05-15 18:12:48,125 - ResourceManager : found templates/dao.vm with loader org.apache.velocity.runtime.resource.loader.ClasspathResourceLoader
2013-05-15 18:12:48,127 - ResourceManager : found templates/daoInterface.vm with loader org.apache.velocity.runtime.resource.loader.ClasspathResourceLoader
2013-05-15 18:12:48,130 - ResourceManager : found templates/dao.vm with loader org.apache.velocity.runtime.resource.loader.ClasspathResourceLoader
2013-05-15 18:12:48,132 - ResourceManager : found templates/daoInterface.vm with loader org.apache.velocity.runtime.resource.loader.ClasspathResourceLoader
2013-05-15 18:12:48,135 - Velocimacro : added #state(  ) : source = templates/enum.vm
2013-05-15 18:12:48,140 - ResourceManager : found templates/enum.vm with loader org.apache.velocity.runtime.resource.loader.ClasspathResourceLoader
2013-05-15 18:12:48,144 - ResourceManager : found templates/enumClass.vm with loader org.apache.velocity.runtime.resource.loader.ClasspathResourceLoader
2013-05-15 18:12:48,148 - ResourceManager : found templates/daoFactory.vm with loader org.apache.velocity.runtime.resource.loader.ClasspathResourceLoader
2013-05-15 18:12:48,151 - ResourceManager : found templates/daoFactory.vm with loader org.apache.velocity.runtime.resource.loader.ClasspathResourceLoader
2013-05-15 18:12:48,154 - ResourceManager : found templates/daoFactory.vm with loader org.apache.velocity.runtime.resource.loader.ClasspathResourceLoader
2013-05-15 18:12:48,163 - ResourceManager : found templates/applicationContext.vm with loader org.apache.velocity.runtime.resource.loader.ClasspathResourceLoader
2013-05-15 18:12:48,179 - ResourceManager : found templates/hbnPojoGenBuild.vm with loader org.apache.velocity.runtime.resource.loader.ClasspathResourceLoader
2013-05-15 18:12:48,180 - ResourceManager : found templates/ehcache.vm with loader org.apache.velocity.runtime.resource.loader.ClasspathResourceLoader
2013-05-15 18:12:48,196 - Velocimacro : added #doprefix(  ) : source = templates/daotest.vm
2013-05-15 18:12:48,196 - Velocimacro : added #doSuffix(  ) : source = templates/daotest.vm
2013-05-15 18:12:48,197 - Velocimacro : added #custom(  title ) : source = templates/daotest.vm
2013-05-15 18:12:48,199 - Velocimacro : added #customPost(  title ) : source = templates/daotest.vm
2013-05-15 18:12:48,203 - Velocimacro : added #cleanup(  title firstPass ) : source = templates/daotest.vm
2013-05-15 18:12:48,297 - ResourceManager : found templates/daotest.vm with loader org.apache.velocity.runtime.resource.loader.ClasspathResourceLoader
2013-05-15 18:12:48,331 - ResourceManager : found templates/dataPoolFactory.vm with loader org.apache.velocity.runtime.resource.loader.ClasspathResourceLoader
2013-05-15 18:12:48,341 - Velocimacro : added #classname(  ) : source = templates/datalayer.vm
2013-05-15 18:12:48,341 - Velocimacro : added #cn(  ) : source = templates/datalayer.vm
2013-05-15 18:12:48,351 - ResourceManager : found templates/datalayer.vm with loader org.apache.velocity.runtime.resource.loader.ClasspathResourceLoader
2013-05-15 18:12:48,352 - Null reference [template 'templates/datalayer.vm', line 115, column 27] : $class.className cannot be resolved.
2013-05-15 18:12:48,352 - Null reference [template 'templates/datalayer.vm', line 135, column 35] : $class.className cannot be resolved.
2013-05-15 18:12:48,355 - Null reference [template 'templates/datalayer.vm', line 115, column 27] : $class.className cannot be resolved.
2013-05-15 18:12:48,355 - Null reference [template 'templates/datalayer.vm', line 135, column 35] : $class.className cannot be resolved.
2013-05-15 18:12:48,367 - ResourceManager : found templates/pom.vm with loader org.apache.velocity.runtime.resource.loader.ClasspathResourceLoader
2013-05-15 18:12:48,368 - Null reference [template 'templates/pom.vm', line 344, column 31] : ${skipUnitTests} cannot be resolved.
2013-05-15 18:12:48,368 - Null reference [template 'templates/pom.vm', line 357, column 39] : ${skipIntegrationTests} cannot be resolved.
