2010-08-20 14:12:31,124 - Log4JLogChute initialized using file 'velocity.log'
2010-08-20 14:12:31,130 - Starting Apache Velocity v1.5 (compiled: 2007-02-22 08:52:29)
2010-08-20 14:12:31,130 - Default Properties File: org\apache\velocity\runtime\defaults\velocity.properties
2010-08-20 14:12:31,130 - Trying to use logger class org.apache.velocity.runtime.log.AvalonLogChute
2010-08-20 14:12:31,131 - Couldn't find class org.apache.velocity.runtime.log.AvalonLogChute or necessary supporting classes in classpath.
java.lang.NoClassDefFoundError: org/apache/log/format/Formatter
	at java.lang.Class.forName0(Native Method)
	at java.lang.Class.forName(Class.java:247)
	at org.apache.velocity.util.ClassUtils.getClass(ClassUtils.java:63)
	at org.apache.velocity.util.ClassUtils.getNewInstance(ClassUtils.java:95)
	at org.apache.velocity.runtime.log.LogManager.createLogChute(LogManager.java:147)
	at org.apache.velocity.runtime.log.LogManager.updateLog(LogManager.java:208)
	at org.apache.velocity.runtime.RuntimeInstance.initializeLog(RuntimeInstance.java:728)
	at org.apache.velocity.runtime.RuntimeInstance.init(RuntimeInstance.java:240)
	at org.apache.velocity.runtime.RuntimeInstance.init(RuntimeInstance.java:534)
	at org.apache.velocity.runtime.RuntimeSingleton.init(RuntimeSingleton.java:227)
	at org.apache.velocity.app.Velocity.init(Velocity.java:111)
	at com.felees.hbnpojogen.Config.parseConfig(Config.java:71)
	at com.felees.hbnpojogen.HbnPojoGen.run(HbnPojoGen.java:412)
	at com.felees.hbnpojogen.SynchronizerMojo.execute(SynchronizerMojo.java:72)
	at org.apache.maven.plugin.DefaultPluginManager.executeMojo(DefaultPluginManager.java:490)
	at org.apache.maven.lifecycle.DefaultLifecycleExecutor.executeGoals(DefaultLifecycleExecutor.java:694)
	at org.apache.maven.lifecycle.DefaultLifecycleExecutor.executeStandaloneGoal(DefaultLifecycleExecutor.java:569)
	at org.apache.maven.lifecycle.DefaultLifecycleExecutor.executeGoal(DefaultLifecycleExecutor.java:539)
	at org.apache.maven.lifecycle.DefaultLifecycleExecutor.executeGoalAndHandleFailures(DefaultLifecycleExecutor.java:387)
	at org.apache.maven.lifecycle.DefaultLifecycleExecutor.executeTaskSegments(DefaultLifecycleExecutor.java:348)
	at org.apache.maven.lifecycle.DefaultLifecycleExecutor.execute(DefaultLifecycleExecutor.java:180)
	at org.apache.maven.DefaultMaven.doExecute(DefaultMaven.java:328)
	at org.apache.maven.DefaultMaven.execute(DefaultMaven.java:138)
	at org.apache.maven.cli.MavenCli.main(MavenCli.java:362)
	at org.apache.maven.cli.compat.CompatibleMain.main(CompatibleMain.java:60)
	at sun.reflect.NativeMethodAccessorImpl.invoke0(Native Method)
	at sun.reflect.NativeMethodAccessorImpl.invoke(NativeMethodAccessorImpl.java:39)
	at sun.reflect.DelegatingMethodAccessorImpl.invoke(DelegatingMethodAccessorImpl.java:25)
	at java.lang.reflect.Method.invoke(Method.java:597)
	at org.codehaus.classworlds.Launcher.launchEnhanced(Launcher.java:315)
	at org.codehaus.classworlds.Launcher.launch(Launcher.java:255)
	at org.codehaus.classworlds.Launcher.mainWithExitCode(Launcher.java:430)
	at org.codehaus.classworlds.Launcher.main(Launcher.java:375)
Caused by: java.lang.ClassNotFoundException: org.apache.log.format.Formatter
	at java.net.URLClassLoader$1.run(URLClassLoader.java:202)
	at java.security.AccessController.doPrivileged(Native Method)
	at java.net.URLClassLoader.findClass(URLClassLoader.java:190)
	at java.lang.ClassLoader.loadClass(ClassLoader.java:307)
	at org.codehaus.classworlds.RealmClassLoader.loadClassDirect(RealmClassLoader.java:195)
	at org.codehaus.classworlds.DefaultClassRealm.loadClass(DefaultClassRealm.java:255)
	at org.codehaus.classworlds.DefaultClassRealm.loadClass(DefaultClassRealm.java:274)
	at org.codehaus.classworlds.RealmClassLoader.loadClass(RealmClassLoader.java:214)
	at java.lang.ClassLoader.loadClass(ClassLoader.java:248)
	... 33 more
2010-08-20 14:12:31,132 - Trying to use logger class org.apache.velocity.runtime.log.Log4JLogChute
2010-08-20 14:12:31,132 - Using logger class org.apache.velocity.runtime.log.Log4JLogChute
2010-08-20 14:12:31,135 - Default ResourceManager initializing. (class org.apache.velocity.runtime.resource.ResourceManagerImpl)
2010-08-20 14:12:31,137 - ResourceLoader instantiated: org.apache.velocity.runtime.resource.loader.ClasspathResourceLoader
2010-08-20 14:12:31,146 - ResourceCache: initialized (class org.apache.velocity.runtime.resource.ResourceCacheImpl)
2010-08-20 14:12:31,147 - Loaded System Directive: org.apache.velocity.runtime.directive.Literal
2010-08-20 14:12:31,149 - Loaded System Directive: org.apache.velocity.runtime.directive.Macro
2010-08-20 14:12:31,150 - Loaded System Directive: org.apache.velocity.runtime.directive.Parse
2010-08-20 14:12:31,152 - Loaded System Directive: org.apache.velocity.runtime.directive.Include
2010-08-20 14:12:31,153 - Loaded System Directive: org.apache.velocity.runtime.directive.Foreach
2010-08-20 14:12:31,192 - Created '20' parsers.
2010-08-20 14:12:31,198 - Velocimacro : "velocimacro.library" is not set.  Trying default library: VM_global_library.vm
2010-08-20 14:12:31,198 - Velocimacro : Default library not found.
2010-08-20 14:12:31,198 - Velocimacro : allowInline = true : VMs can be defined inline in templates
2010-08-20 14:12:31,199 - Velocimacro : allowInlineToOverride = false : VMs defined inline may NOT replace previous VM definitions
2010-08-20 14:12:31,199 - Velocimacro : allowInlineLocal = false : VMs defined inline will be global in scope if allowed.
2010-08-20 14:12:31,199 - Velocimacro : autoload off : VM system will not automatically reload global library macros
2010-08-20 14:12:31,214 - Velocimacro : added #doCalcFullType(  ) : source = templates/class.vm
2010-08-20 14:12:31,215 - Velocimacro : added #lazyManyToMany(  ) : source = templates/class.vm
2010-08-20 14:12:31,216 - Velocimacro : added #lazyOneToMany(  ) : source = templates/class.vm
2010-08-20 14:12:31,216 - Velocimacro : added #lazyOneToOne(  ) : source = templates/class.vm
2010-08-20 14:12:31,217 - Velocimacro : added #lazyManyToOne(  ) : source = templates/class.vm
2010-08-20 14:12:31,228 - Velocimacro : added #doAnnotations(  ) : source = templates/class.vm
2010-08-20 14:12:31,228 - Velocimacro : added #prefix(  ) : source = templates/class.vm
2010-08-20 14:12:31,230 - Velocimacro : added #doClassType(  ) : source = templates/class.vm
2010-08-20 14:12:31,231 - Velocimacro : added #doManyToMany(  property ) : source = templates/class.vm
2010-08-20 14:12:31,233 - Velocimacro : added #oneToManyAnnotation(  property ) : source = templates/class.vm
2010-08-20 14:12:31,255 - Velocimacro : added #manyToOneAnnotation(  property ) : source = templates/class.vm
2010-08-20 14:12:31,258 - Velocimacro : added #OneToOneAnnotation(  property ) : source = templates/class.vm
2010-08-20 14:12:31,260 - Velocimacro : added #doConstructorSignature(  ) : source = templates/class.vm
2010-08-20 14:12:31,265 - Velocimacro : added #doClassMacros(  ) : source = templates/class.vm
2010-08-20 14:12:31,331 - ResourceManager : found templates/class.vm with loader org.apache.velocity.runtime.resource.loader.ClasspathResourceLoader
2010-08-20 14:12:31,332 - Velocimacro : VM addition rejected : prefix : inline not allowed to replace existing VM
2010-08-20 14:12:31,332 - Failed to add macro: #prefix(  ) : source = templates/classIface.vm
2010-08-20 14:12:31,338 - ResourceManager : found templates/classIface.vm with loader org.apache.velocity.runtime.resource.loader.ClasspathResourceLoader
